[10/09/19, 01:22:02:427] info: ╔══════════════════════════════════════════════════════════════════════════════════╗ 
[10/09/19, 01:22:02:604] info: ╔══════════════════════════════════════════════════════════════════════════════════╗ 
[10/09/19, 01:22:02:428] info: ║      Slack 4.0.2, linux 5.3.1-arch1-1-ARCH on x64 at 10/09/19, 01:22:02:425      ║ 
[10/09/19, 01:22:02:428] info: ╚══════════════════════════════════════════════════════════════════════════════════╝ 
[10/09/19, 01:22:02:429] info: Configured logger via 
{
  "logLevel": "info"
}
[10/09/19, 01:22:02:429] info: Predefined values for process 
{
  "platform": "linux",
  "NODE_ENV": "production",
  "type": "browser",
  "PACKAGE_MANIFEST.productName": "Slack",
  "PACKAGE_MANIFEST.version": "4.0.2",
  "PACKAGE_MANIFEST.versionName": "The Final Countdown",
  "PACKAGE_MANIFEST.commit": "8900f04",
  "PACKAGE_MANIFEST.branch": "HEAD"
}
[10/09/19, 01:22:02:550] info: Generated uuid and stored 
{
  "uuid": "65809a4c-3751-5704-8eef-eea735e82570"
}
[10/09/19, 01:22:02:565] error: Locale: Tried to access systemLocale before application was ready 
[10/09/19, 01:22:02:583] info: TraceRecorder: setting up trace recorder, trace will be stored under /home/sadschmi/.config/Slack/logs/recorded-trace
[10/09/19, 01:22:02:585] info: Copying current Cookies into StaleCookies-0 
[10/09/19, 01:22:02:587] warn: Unable to save StaleCookies 
{
  "error": {
    "stack": "Error: ENOENT: no such file or directory, open '/home/sadschmi/.config/Slack/Cookies'\n    at Object.openSync (fs.js:436:3)\n    at Object.module.(anonymous function) [as openSync] (ELECTRON_ASAR.js:160:31)\n    at Object.readFileSync (fs.js:341:35)\n    at Object.fs.readFileSync (ELECTRON_ASAR.js:580:40)\n    at copySmallFileSync (/usr/lib/slack/resources/app.asar/dist/main.bundle.js:1:376245)\n    at saveStaleCookies (/usr/lib/slack/resources/app.asar/dist/main.1.4c2cecee3a95a2cae04b.js:1:135664)\n    at handleChromiumCookieMigration (/usr/lib/slack/resources/app.asar/dist/main.1.4c2cecee3a95a2cae04b.js:1:135792)\n    at main (/usr/lib/slack/resources/app.asar/dist/main.1.4c2cecee3a95a2cae04b.js:1:149782)\n    at prepareBoot (/usr/lib/slack/resources/app.asar/dist/main.bundle.js:1:1134966)",
    "message": "ENOENT: no such file or directory, open '/home/sadschmi/.config/Slack/Cookies'",
    "errno": -2,
    "syscall": "open",
    "code": "ENOENT",
    "path": "/home/sadschmi/.config/Slack/Cookies"
  },
  "stackFrameString": "[{\"columnNumber\":3,\"lineNumber\":436,\"fileName\":\"fs.js\",\"functionName\":\"Object.openSync\",\"source\":\"    at Object.openSync (fs.js:436:3)\"},{\"columnNumber\":31,\"lineNumber\":160,\"fileName\":\"ELECTRON_ASAR.js\",\"functionName\":\"Object.module.(anonymous function) [as openSync]\",\"source\":\"    at Object.module.(anonymous function) [as openSync] (ELECTRON_ASAR.js:160:31)\"},{\"columnNumber\":35,\"lineNumber\":341,\"fileName\":\"fs.js\",\"functionName\":\"Object.readFileSync\",\"source\":\"    at Object.readFileSync (fs.js:341:35)\"},{\"columnNumber\":40,\"lineNumber\":580,\"fileName\":\"ELECTRON_ASAR.js\",\"functionName\":\"Object.fs.readFileSync\",\"source\":\"    at Object.fs.readFileSync (ELECTRON_ASAR.js:580:40)\"},{\"columnNumber\":376245,\"lineNumber\":1,\"fileName\":\"/usr/lib/slack/resources/app.asar/dist/main.bundle.js\",\"functionName\":\"copySmallFileSync\",\"source\":\"    at copySmallFileSync (/usr/lib/slack/resources/app.asar/dist/main.bundle.js:1:376245)\"},{\"columnNumber\":135664,\"lineNumber\":1,\"fileName\":\"/usr/lib/slack/resources/app.asar/dist/main.1.4c2cecee3a95a2cae04b.js\",\"functionName\":\"saveStaleCookies\",\"source\":\"    at saveStaleCookies (/usr/lib/slack/resources/app.asar/dist/main.1.4c2cecee3a95a2cae04b.js:1:135664)\"},{\"columnNumber\":135792,\"lineNumber\":1,\"fileName\":\"/usr/lib/slack/resources/app.asar/dist/main.1.4c2cecee3a95a2cae04b.js\",\"functionName\":\"handleChromiumCookieMigration\",\"source\":\"    at handleChromiumCookieMigration (/usr/lib/slack/resources/app.asar/dist/main.1.4c2cecee3a95a2cae04b.js:1:135792)\"},{\"columnNumber\":149782,\"lineNumber\":1,\"fileName\":\"/usr/lib/slack/resources/app.asar/dist/main.1.4c2cecee3a95a2cae04b.js\",\"functionName\":\"main\",\"source\":\"    at main (/usr/lib/slack/resources/app.asar/dist/main.1.4c2cecee3a95a2cae04b.js:1:149782)\"},{\"columnNumber\":1134966,\"lineNumber\":1,\"fileName\":\"/usr/lib/slack/resources/app.asar/dist/main.bundle.js\",\"functionName\":\"prepareBoot\",\"source\":\"    at prepareBoot (/usr/lib/slack/resources/app.asar/dist/main.bundle.js:1:1134966)\"}]"
}
[10/09/19, 01:22:02:608] info: BrowserStore: Skip keychain access in Sonic 
[10/09/19, 01:22:02:612] info: Store: persist/REHYDRATE 
[10/09/19, 01:22:02:614] info: UpdaterEpics: Updates disabled because 
{
  "issues": [
    "using Linux"
  ]
}
[10/09/19, 01:22:02:614] info: Store: INITIALIZE 
{
  "resourcePath": "/usr/lib/slack/resources/app.asar"
}
[10/09/19, 01:22:02:648] warn: Failed to install protocol handler for slack:// links 
[10/09/19, 01:22:02:678] info: Store: CREATE_WINDOW 
{
  "type": "main"
}
[10/09/19, 01:22:02:683] info: App: Welcome to Slack 0.0.0 x64 
[10/09/19, 01:22:02:683] info: App load time: 0,446700960 
[10/09/19, 01:22:02:696] warn: Couldn't get Linux distro info from lsb_release, trying fallback to get Linux distro info 
{
  "error": {
    "stack": "Error: Command failed: lsb_release -a --short\n/bin/sh: lsb_release: command not found\n\n    at ChildProcess.exithandler (child_process.js:299:12)\n    at ChildProcess.emit (events.js:182:13)\n    at ChildProcess.EventEmitter.emit (domain.js:442:20)\n    at maybeClose (internal/child_process.js:962:16)\n    at Socket.stream.socket.on (internal/child_process.js:381:11)\n    at Socket.emit (events.js:182:13)\n    at Socket.EventEmitter.emit (domain.js:442:20)\n    at Pipe._handle.close (net.js:606:12)",
    "message": "Command failed: lsb_release -a --short\n/bin/sh: lsb_release: command not found\n",
    "killed": false,
    "code": 127,
    "signal": null,
    "cmd": "lsb_release -a --short",
    "stdout": "",
    "stderr": "/bin/sh: lsb_release: command not found\n"
  },
  "stackFrameString": "[{\"columnNumber\":12,\"lineNumber\":299,\"fileName\":\"child_process.js\",\"functionName\":\"ChildProcess.exithandler\",\"source\":\"    at ChildProcess.exithandler (child_process.js:299:12)\"},{\"columnNumber\":13,\"lineNumber\":182,\"fileName\":\"events.js\",\"functionName\":\"ChildProcess.emit\",\"source\":\"    at ChildProcess.emit (events.js:182:13)\"},{\"columnNumber\":20,\"lineNumber\":442,\"fileName\":\"domain.js\",\"functionName\":\"ChildProcess.EventEmitter.emit\",\"source\":\"    at ChildProcess.EventEmitter.emit (domain.js:442:20)\"},{\"columnNumber\":16,\"lineNumber\":962,\"fileName\":\"internal/child_process.js\",\"functionName\":\"maybeClose\",\"source\":\"    at maybeClose (internal/child_process.js:962:16)\"},{\"columnNumber\":11,\"lineNumber\":381,\"fileName\":\"internal/child_process.js\",\"functionName\":\"Socket.stream.socket.on\",\"source\":\"    at Socket.stream.socket.on (internal/child_process.js:381:11)\"},{\"columnNumber\":13,\"lineNumber\":182,\"fileName\":\"events.js\",\"functionName\":\"Socket.emit\",\"source\":\"    at Socket.emit (events.js:182:13)\"},{\"columnNumber\":20,\"lineNumber\":442,\"fileName\":\"domain.js\",\"functionName\":\"Socket.EventEmitter.emit\",\"source\":\"    at Socket.EventEmitter.emit (domain.js:442:20)\"},{\"columnNumber\":12,\"lineNumber\":606,\"fileName\":\"net.js\",\"functionName\":\"Pipe._handle.close\",\"source\":\"    at Pipe._handle.close (net.js:606:12)\"}]"
}
[10/09/19, 01:22:02:604] info: ║      Slack 4.0.2, linux 5.3.1-arch1-1-ARCH on x64 at 10/09/19, 01:22:02:604      ║ 
[10/09/19, 01:22:02:604] info: ╚══════════════════════════════════════════════════════════════════════════════════╝ 
[10/09/19, 01:22:02:604] info: Configured logger via 
{
  "logLevel": "info"
}
[10/09/19, 01:22:02:605] info: Predefined values for process 
{
  "platform": "linux",
  "NODE_ENV": "production",
  "type": "browser",
  "PACKAGE_MANIFEST.productName": "Slack",
  "PACKAGE_MANIFEST.version": "4.0.2",
  "PACKAGE_MANIFEST.versionName": "The Final Countdown",
  "PACKAGE_MANIFEST.commit": "8900f04",
  "PACKAGE_MANIFEST.branch": "HEAD"
}
[10/09/19, 01:22:02:736] info: Store: READY 
{
  "resourcePath": "/usr/lib/slack/resources/app.asar",
  "appVersion": "4.0.2",
  "isGpuCompositionAvailable": true,
  "isTitleBarHidden": false,
  "isSonic": true,
  "platformVersion": {
    "major": 5,
    "minor": 3,
    "build": 1
  },
  "releaseChannel": "prod",
  "sessionId": "NjU4MDlhNGMtMzc1MS01NzA0LThlZWYtZWVhNzM1ZTgyNTcwXzE1NzA2MDkzMjI1NTE=",
  "versionName": "The Final Countdown",
  "linux": {
    "os": "Arch Linux",
    "name": "Arch Linux ",
    "release": "",
    "codename": ""
  }
}
[10/09/19, 01:22:02:740] info: Store: UPDATE_SETTINGS 
{
  "isSignedIntoSlackOrg": false
}
[10/09/19, 01:22:02:742] info: AutoLoginEpic: Checking for autologin. 
[10/09/19, 01:22:02:744] info: Client Boot Config
	localSettings: undefined
	version: 4.0.2
	productName: Slack
	commandLine:  
[10/09/19, 01:22:02:746] info: Store: UPDATE_SETTINGS 
{
  "launchOnStartup": false,
  "hasRunApp": true
}
[10/09/19, 01:22:02:755] info: Store: TOKEN_FILE_PROCESSED 
[10/09/19, 01:22:02:756] info: AutoLoginEpic: Processing token file for autologin. 
[10/09/19, 01:22:02:756] info: Store: AUTOLOGIN_TEAMS_COMPLETE 
[10/09/19, 01:22:02:756] info: AutoLoginEpic: Setting default sign-in team to null 
[10/09/19, 01:22:02:756] info: Store: UPDATE_SETTINGS 
{
  "defaultSigninTeam": null
}
[10/09/19, 01:22:02:766] info: WebContentsMediator: Attaching to new webContents 
[10/09/19, 01:22:02:775] info: Store: UPSERT_WEB_CONTENTS 
{
  "id": 1,
  "teamId": "app",
  "state": "unloaded"
}
[10/09/19, 01:22:02:784] info: MainWindowEpics: Setting main window ID 
{
  "id": 1
}
[10/09/19, 01:22:02:786] info: Store: WINDOW_CREATED 
{
  "frame": {
    "isFullScreen": false,
    "isMinimized": false,
    "isMaximized": false,
    "isVisible": false,
    "isFocused": false,
    "bounds": {
      "x": 560,
      "y": 240,
      "width": 800,
      "height": 600
    }
  },
  "type": "main",
  "id": 1
}
[10/09/19, 01:22:02:805] warn: Couldn't get Linux distro info from lsb_release, trying fallback to get Linux distro info 
{
  "error": {
    "stack": "Error: Command failed: lsb_release -a --short\n/bin/sh: lsb_release: command not found\n\n    at ChildProcess.exithandler (child_process.js:299:12)\n    at ChildProcess.emit (events.js:182:13)\n    at ChildProcess.EventEmitter.emit (domain.js:442:20)\n    at maybeClose (internal/child_process.js:962:16)\n    at Socket.stream.socket.on (internal/child_process.js:381:11)\n    at Socket.emit (events.js:182:13)\n    at Socket.EventEmitter.emit (domain.js:442:20)\n    at Pipe._handle.close (net.js:606:12)",
    "message": "Command failed: lsb_release -a --short\n/bin/sh: lsb_release: command not found\n",
    "killed": false,
    "code": 127,
    "signal": null,
    "cmd": "lsb_release -a --short",
    "stdout": "",
    "stderr": "/bin/sh: lsb_release: command not found\n"
  },
  "stackFrameString": "[{\"columnNumber\":12,\"lineNumber\":299,\"fileName\":\"child_process.js\",\"functionName\":\"ChildProcess.exithandler\",\"source\":\"    at ChildProcess.exithandler (child_process.js:299:12)\"},{\"columnNumber\":13,\"lineNumber\":182,\"fileName\":\"events.js\",\"functionName\":\"ChildProcess.emit\",\"source\":\"    at ChildProcess.emit (events.js:182:13)\"},{\"columnNumber\":20,\"lineNumber\":442,\"fileName\":\"domain.js\",\"functionName\":\"ChildProcess.EventEmitter.emit\",\"source\":\"    at ChildProcess.EventEmitter.emit (domain.js:442:20)\"},{\"columnNumber\":16,\"lineNumber\":962,\"fileName\":\"internal/child_process.js\",\"functionName\":\"maybeClose\",\"source\":\"    at maybeClose (internal/child_process.js:962:16)\"},{\"columnNumber\":11,\"lineNumber\":381,\"fileName\":\"internal/child_process.js\",\"functionName\":\"Socket.stream.socket.on\",\"source\":\"    at Socket.stream.socket.on (internal/child_process.js:381:11)\"},{\"columnNumber\":13,\"lineNumber\":182,\"fileName\":\"events.js\",\"functionName\":\"Socket.emit\",\"source\":\"    at Socket.emit (events.js:182:13)\"},{\"columnNumber\":20,\"lineNumber\":442,\"fileName\":\"domain.js\",\"functionName\":\"Socket.EventEmitter.emit\",\"source\":\"    at Socket.EventEmitter.emit (domain.js:442:20)\"},{\"columnNumber\":12,\"lineNumber\":606,\"fileName\":\"net.js\",\"functionName\":\"Pipe._handle.close\",\"source\":\"    at Pipe._handle.close (net.js:606:12)\"}]"
}
[10/09/19, 01:22:03:407] info: Team boot count 
{
  "count": 1
}
[10/09/19, 01:22:03:534] info: Store: SET_WINDOW_FRAME 
{
  "id": 1,
  "frame": {
    "title": "[REDACTED]"
  },
  "fromEvent": true
}
[10/09/19, 01:22:03:835] info: Store: SET_WINDOW_FRAME 
{
  "id": 1,
  "frame": {
    "bounds": {
      "x": 448,
      "y": 156,
      "width": 1024,
      "height": 768
    },
    "isMaximized": false
  },
  "fromEvent": true
}
[10/09/19, 01:22:03:837] info: Store: SET_WINDOW_FRAME 
{
  "id": 1,
  "frame": {
    "bounds": {
      "x": 448,
      "y": 156,
      "width": 1024,
      "height": 768
    },
    "isMaximized": false
  },
  "fromEvent": true
}
[10/09/19, 01:22:04:851] info: Store: UPDATE_SETTINGS 
{
  "userTheme": "light"
}
[10/09/19, 01:22:04:852] info: Store: UPDATE_SETTINGS 
{
  "systemThemeSyncEnabled": false
}
[10/09/19, 01:22:05:337] info: Store: SET_NETWORK_STATUS online
[10/09/19, 01:22:05:516] info: Store: REDUX_UPDATE_FROM_WEBAPP 
{
  "teams": {
    "T00000000": {
      "bootConfig": {
        "isSonicDisabled": false,
        "isSonicEnabled": false
      },
      "featureFlags": {},
      "locale": "en-US",
      "theme": {
        "titlebarBackground": "#1F0020",
        "titlebarTextColor": "#FFFFFF"
      },
      "unreads": {
        "hasUnreads": false,
        "unreadHighlights": 0,
        "unreads": 0
      }
    }
  }
}
[10/09/19, 01:22:05:518] info: enableSonicNextSessionEpic: Reset the boot Sonic preference 
[10/09/19, 01:22:05:549] info: WebContents LifeCycle: webContents:1 from 'unloaded' to 'loaded' took 2770 ms 
[10/09/19, 01:22:05:550] info: Store: UPSERT_WEB_CONTENTS 
{
  "id": 1,
  "state": "loaded",
  "teamId": "app"
}
[10/09/19, 01:22:05:551] info: initializeMainWindowEpic: Showing main window 
{
  "maximized": false,
  "shouldHide": false,
  "fullScreen": false
}
[10/09/19, 01:22:05:554] info: Store: SET_WINDOW_FRAME 
{
  "id": 1,
  "frame": {
    "isVisible": true
  },
  "fromEvent": true
}
[10/09/19, 01:22:05:557] info: Store: MAIN_WINDOW_SHOWN 
[10/09/19, 01:22:05:562] info: Store: UPDATE_SETTINGS 
{
  "mainWindowSettings": {
    "fullScreen": false,
    "maximized": false,
    "bounds": {
      "x": 448,
      "y": 156,
      "width": 1024,
      "height": 768
    }
  }
}
[10/09/19, 01:22:05:564] info: UpdaterEpics: Updates disabled because 
{
  "issues": [
    "using Linux"
  ]
}
[10/09/19, 01:22:05:572] info: Store: SET_WINDOW_FRAME 
{
  "id": 1,
  "frame": {
    "isFullScreen": false
  },
  "fromEvent": true
}
[10/09/19, 01:22:05:581] info: Store: REDUX_UPDATE_FROM_WEBAPP 
{
  "teams": {
    "T00000000": {
      "bootConfig": {
        "isSonicDisabled": false,
        "isSonicEnabled": true
      }
    }
  }
}
[10/09/19, 01:22:05:585] info: enableSonicNextSessionEpic: Set to boot Sonic 'once' 
[10/09/19, 01:22:05:601] info: Store: SET_WINDOW_FRAME 
{
  "id": 1,
  "frame": {
    "isFocused": true
  },
  "fromEvent": true
}
[10/09/19, 01:22:06:580] info: Store: SET_WINDOW_FRAME 
{
  "id": 1,
  "frame": {
    "bounds": {
      "x": 967,
      "y": 75,
      "width": 931,
      "height": 983
    },
    "isMaximized": false
  },
  "fromEvent": true
}
[10/09/19, 01:22:06:582] info: Store: SET_WINDOW_FRAME 
{
  "id": 1,
  "frame": {
    "bounds": {
      "x": 967,
      "y": 75,
      "width": 931,
      "height": 983
    },
    "isMaximized": false
  },
  "fromEvent": true
}
[10/09/19, 01:22:06:640] info: Store: UPDATE_SETTINGS 
{
  "mainWindowSettings": {
    "fullScreen": false,
    "maximized": false,
    "bounds": {
      "x": 967,
      "y": 75,
      "width": 931,
      "height": 983
    }
  }
}
[10/09/19, 01:22:09:446] info: Store: SET_WINDOW_FRAME 
{
  "id": 1,
  "frame": {
    "isFullScreen": false
  },
  "fromEvent": true
}
[10/09/19, 01:22:09:451] info: Store: SET_WINDOW_FRAME 
{
  "id": 1,
  "frame": {
    "isFocused": false
  },
  "fromEvent": true
}
[10/09/19, 01:22:15:505] info: Store: SET_WINDOW_FRAME 
{
  "id": 1,
  "frame": {
    "isFullScreen": false
  },
  "fromEvent": true
}
[10/09/19, 01:22:15:508] info: Store: SET_WINDOW_FRAME 
{
  "id": 1,
  "frame": {
    "isFocused": true
  },
  "fromEvent": true
}
[10/09/19, 01:22:17:564] info: Store: SET_WINDOW_FRAME 
{
  "id": 1,
  "frame": {
    "isFullScreen": false
  },
  "fromEvent": true
}
[10/09/19, 01:22:17:567] info: Store: SET_WINDOW_FRAME 
{
  "id": 1,
  "frame": {
    "isFocused": false
  },
  "fromEvent": true
}
[10/09/19, 01:22:18:568] info: Store: SET_WINDOW_FRAME 
{
  "id": 1,
  "frame": {
    "bounds": {
      "x": 647,
      "y": 75,
      "width": 626,
      "height": 983
    },
    "isMaximized": false
  },
  "fromEvent": true
}
[10/09/19, 01:22:18:569] info: Store: SET_WINDOW_FRAME 
{
  "id": 1,
  "frame": {
    "bounds": {
      "x": 647,
      "y": 75,
      "width": 626,
      "height": 983
    },
    "isMaximized": false
  },
  "fromEvent": true
}
[10/09/19, 01:22:18:637] info: Store: UPDATE_SETTINGS 
{
  "mainWindowSettings": {
    "fullScreen": false,
    "maximized": false,
    "bounds": {
      "x": 647,
      "y": 75,
      "width": 626,
      "height": 983
    }
  }
}
[10/09/19, 01:22:25:515] info: Store: SET_WINDOW_FRAME 
{
  "id": 1,
  "frame": {
    "isMinimized": true
  },
  "fromEvent": true
}
[10/09/19, 01:22:26:522] info: Store: SET_WINDOW_FRAME 
{
  "id": 1,
  "frame": {
    "bounds": {
      "x": 2,
      "y": 55,
      "width": 1916,
      "height": 1023
    },
    "isMaximized": false
  },
  "fromEvent": true
}
[10/09/19, 01:22:26:525] info: Store: SET_WINDOW_FRAME 
{
  "id": 1,
  "frame": {
    "bounds": {
      "x": 2,
      "y": 55,
      "width": 1916,
      "height": 1023
    },
    "isMaximized": false
  },
  "fromEvent": true
}
[10/09/19, 01:22:26:576] info: Store: UPDATE_SETTINGS 
{
  "mainWindowSettings": {
    "fullScreen": false,
    "maximized": false,
    "bounds": {
      "x": 2,
      "y": 55,
      "width": 1916,
      "height": 1023
    }
  }
}
[10/09/19, 01:22:36:990] info: secondInstanceEpic: Received deep link protocol activation 
[10/09/19, 01:22:36:991] info: Store: HANDLE_DEEP_LINK 
{
  "url": "slack://T79514R71/magic-login/788883485365-61ee5f3e10cb671df5a84b64247172eaad9731b4a4825bcb74fc26b7e4803889",
  "causedLaunch": false
}
[10/09/19, 01:22:36:993] info: Store: SET_WINDOW_FRAME 
{
  "id": 1,
  "frame": {
    "isVisible": true
  },
  "fromEvent": true
}
[10/09/19, 01:22:36:999] info: WebContentsMediator: Attaching to new webContents 
[10/09/19, 01:22:37:001] info: MagicLogin: Making magic login API request to https://slack.com/api/ 
[10/09/19, 01:22:37:010] info: Store: SET_WINDOW_FRAME 
{
  "id": 1,
  "frame": {
    "isMinimized": false
  },
  "fromEvent": true
}
[10/09/19, 01:22:37:013] info: Store: SET_WINDOW_FRAME 
{
  "id": 1,
  "frame": {
    "isFullScreen": false
  },
  "fromEvent": true
}
[10/09/19, 01:22:37:052] info: Store: SET_WINDOW_FRAME 
{
  "id": 1,
  "frame": {
    "isFocused": true
  },
  "fromEvent": true
}
[10/09/19, 01:22:37:054] info: Store: SET_WINDOW_FRAME 
{
  "id": 1,
  "frame": {
    "bounds": {
      "x": 2,
      "y": 55,
      "width": 1916,
      "height": 1023
    }
  },
  "fromEvent": true
}
[10/09/19, 01:22:37:208] info: WebContents LifeCycle: webContents:1 from 'loaded' to 'page-will-navigate' took 31658 ms 
[10/09/19, 01:22:37:209] info: Store: UPSERT_WEB_CONTENTS 
{
  "id": 1,
  "history": "[REDACTED]",
  "state": "page-will-navigate",
  "teamId": "app"
}
[10/09/19, 01:22:37:363] info: MagicLogin: added team T79514R71 
[10/09/19, 01:22:37:363] info: Application: handleDeepLink for magic login complete 
[10/09/19, 01:22:37:953] info: Team boot count 
{
  "count": 2
}
[10/09/19, 01:22:37:954] info: attempting to restart service worker 
[10/09/19, 01:22:37:955] info: sending debug protocol message 
{
  "message": "ServiceWorker.enable"
}
[10/09/19, 01:22:37:955] info: sending debug protocol message 
{
  "message": "ServiceWorker.stopAllWorkers"
}
[10/09/19, 01:22:37:956] info: sending debug protocol message 
{
  "message": "ServiceWorker.disable"
}
[10/09/19, 01:22:37:957] info: successfully restarted service worker 
[10/09/19, 01:22:38:012] info: Store: UPDATE_SETTINGS 
{
  "mainWindowSettings": {
    "fullScreen": false,
    "maximized": false,
    "bounds": {
      "x": 2,
      "y": 55,
      "width": 1916,
      "height": 1023
    }
  }
}
[10/09/19, 01:22:38:033] info: Store: SET_WINDOW_FRAME 
{
  "id": 1,
  "frame": {
    "title": "[REDACTED]"
  },
  "fromEvent": true
}
[10/09/19, 01:22:38:042] info: WebContents LifeCycle: webContents:1 from 'page-will-navigate' to 'loaded' took 835 ms 
[10/09/19, 01:22:38:042] info: Store: UPSERT_WEB_CONTENTS 
{
  "id": 1,
  "state": "loaded",
  "teamId": "app"
}
[10/09/19, 01:22:38:573] info: Store: SET_NETWORK_STATUS online
[10/09/19, 01:22:39:039] info: Store: UPDATE_SETTINGS 
{
  "userTheme": "light"
}
[10/09/19, 01:22:39:040] info: Store: UPDATE_SETTINGS 
{
  "systemThemeSyncEnabled": false
}
[10/09/19, 01:22:39:590] info: Store: SYNC Bad or empty workspaces payload
[10/09/19, 01:22:39:591] info: Store: SELECTION_CHANGED T79514R71
[10/09/19, 01:22:39:674] info: Store: REDUX_UPDATE_FROM_WEBAPP 
{
  "teams": {
    "T79514R71": {
      "bootConfig": {
        "isSonicDisabled": false,
        "isSonicEnabled": false
      },
      "featureFlags": {},
      "locale": "en-US",
      "theme": {
        "titlebarBackground": "#1F0020",
        "titlebarTextColor": "#FFFFFF"
      },
      "unreads": {
        "hasUnreads": false,
        "unreadHighlights": 0,
        "unreads": 0
      }
    }
  }
}
[10/09/19, 01:22:39:677] info: Store: REDUX_UPDATE_FROM_WEBAPP 
{
  "teams": {
    "T79514R71": {
      "bootConfig": {
        "isSonicDisabled": false,
        "isSonicEnabled": true
      },
      "theme": {
        "titlebarBackground": "#1F0020",
        "titlebarTextColor": "#FFFFFF"
      }
    }
  }
}
[10/09/19, 01:22:39:697] info: Store: REDUX_UPDATE_FROM_WEBAPP 
{
  "teams": {
    "T79514R71": {
      "theme": {
        "titlebarBackground": "#1F0020",
        "titlebarTextColor": "#FFFFFF"
      },
      "unreads": {
        "hasUnreads": false,
        "showBullet": true,
        "unreadHighlights": 0,
        "unreads": 0
      }
    }
  }
}
[10/09/19, 01:22:39:782] info: Store: SYNC Synced 1 workspaces with IDs [T79514R71]
[10/09/19, 01:22:39:804] info: Store: SELECTION_CHANGED T79514R71
[10/09/19, 01:22:39:809] info: WebContents LifeCycle: webContents:1 from 'loaded' to 'webapp-loaded' took 1767 ms 
[10/09/19, 01:22:39:809] info: Store: UPSERT_WEB_CONTENTS 
{
  "id": 1,
  "state": "webapp-loaded",
  "teamId": "app"
}
[10/09/19, 01:22:39:810] info: EnterpriseStorageManager: Sending initial pull message 
{
  "teamId": "app"
}
[10/09/19, 01:22:39:967] info: Store: SET_WINDOW_FRAME 
{
  "id": 1,
  "frame": {
    "title": "[REDACTED]"
  },
  "fromEvent": true
}
[10/09/19, 01:22:40:640] info: Store: STORE_ENTERPRISE_ID_PAIR 
{
  "teamId": "app",
  "enterpriseId": null
}
[10/09/19, 01:22:40:887] info: Store: REDUX_UPDATE_FROM_WEBAPP 
{
  "teams": {
    "T79514R71": {
      "unreads": {
        "hasUnreads": true,
        "showBullet": true,
        "unreadHighlights": 0,
        "unreads": 1
      }
    }
  }
}
[10/09/19, 01:22:41:501] info: WebContentsMediator: Attaching to new webContents 
[10/09/19, 01:22:57:394] info: Store: SET_WINDOW_FRAME 
{
  "id": 1,
  "frame": {
    "isMinimized": true
  },
  "fromEvent": true
}
[10/09/19, 01:22:57:397] info: Store: SET_WINDOW_FRAME 
{
  "id": 1,
  "frame": {
    "isFullScreen": false
  },
  "fromEvent": true
}
[10/09/19, 01:22:57:399] info: Store: SET_WINDOW_FRAME 
{
  "id": 1,
  "frame": {
    "isFocused": false
  },
  "fromEvent": true
}
[10/09/19, 01:23:02:023] info: Store: REDUX_UPDATE_FROM_WEBAPP 
{
  "teams": {
    "T79514R71": {
      "unreads": {
        "hasUnreads": false,
        "showBullet": true,
        "unreadHighlights": 0,
        "unreads": 0
      }
    }
  }
}
[10/09/19, 01:23:02:743] info: Store: UPDATE_SETTINGS 
{
  "lastClogForProxyInfo": 1570609382742
}
[10/09/19, 01:23:34:157] info: secondInstanceEpic: Received deep link protocol activation 
[10/09/19, 01:23:34:157] info: Store: HANDLE_DEEP_LINK 
{
  "url": "slack://TNG6J6R5G/magic-login/788886292496-baf2ec9b3434629e8d03b0272e84a4729436f0d427b4037f6505ef3e722c76fd",
  "causedLaunch": false
}
[10/09/19, 01:23:34:159] info: Store: SET_WINDOW_FRAME 
{
  "id": 1,
  "frame": {
    "isVisible": true
  },
  "fromEvent": true
}
[10/09/19, 01:23:34:168] info: WebContentsMediator: Attaching to new webContents 
[10/09/19, 01:23:34:170] info: MagicLogin: Making magic login API request to https://slack.com/api/ 
[10/09/19, 01:23:34:175] info: Store: SET_WINDOW_FRAME 
{
  "id": 1,
  "frame": {
    "isMinimized": false
  },
  "fromEvent": true
}
[10/09/19, 01:23:34:177] info: Store: SET_WINDOW_FRAME 
{
  "id": 1,
  "frame": {
    "isFullScreen": false
  },
  "fromEvent": true
}
[10/09/19, 01:23:34:202] info: Store: SET_WINDOW_FRAME 
{
  "id": 1,
  "frame": {
    "bounds": {
      "x": 2,
      "y": 55,
      "width": 1916,
      "height": 1023
    }
  },
  "fromEvent": true
}
[10/09/19, 01:23:34:211] info: Store: SET_WINDOW_FRAME 
{
  "id": 1,
  "frame": {
    "isFocused": true
  },
  "fromEvent": true
}
[10/09/19, 01:23:34:476] info: MagicLogin: added team TNG6J6R5G 
[10/09/19, 01:23:34:476] info: Application: handleDeepLink for magic login complete 
[10/09/19, 01:23:34:630] info: Store: SYNC Synced 1 workspaces with IDs [T79514R71]
[10/09/19, 01:23:34:649] info: Store: SELECTION_CHANGED T79514R71
[10/09/19, 01:23:35:178] info: Store: UPDATE_SETTINGS 
{
  "mainWindowSettings": {
    "fullScreen": false,
    "maximized": false,
    "bounds": {
      "x": 2,
      "y": 55,
      "width": 1916,
      "height": 1023
    }
  }
}
[10/09/19, 01:23:35:708] info: Store: REDUX_UPDATE_FROM_WEBAPP 
{
  "teams": {
    "TNG6J6R5G": {
      "bootConfig": {
        "isSonicDisabled": false,
        "isSonicEnabled": false
      },
      "featureFlags": {},
      "locale": "en-US",
      "theme": {
        "titlebarBackground": "#1F0020",
        "titlebarTextColor": "#FFFFFF"
      },
      "unreads": {
        "hasUnreads": false,
        "unreadHighlights": 0,
        "unreads": 0
      }
    }
  }
}
[10/09/19, 01:23:35:711] info: Store: REDUX_UPDATE_FROM_WEBAPP 
{
  "teams": {
    "TNG6J6R5G": {
      "bootConfig": {
        "isSonicDisabled": false,
        "isSonicEnabled": true
      },
      "theme": {
        "titlebarBackground": "#1F0020",
        "titlebarTextColor": "#FFFFFF"
      }
    }
  }
}
[10/09/19, 01:23:35:727] info: Store: REDUX_UPDATE_FROM_WEBAPP 
{
  "teams": {
    "TNG6J6R5G": {
      "theme": {
        "titlebarBackground": "#1F0020",
        "titlebarTextColor": "#FFFFFF"
      },
      "unreads": {
        "hasUnreads": false,
        "showBullet": true,
        "unreadHighlights": 0,
        "unreads": 0
      }
    }
  }
}
[10/09/19, 01:23:35:791] info: Store: SYNC Synced 2 workspaces with IDs [T79514R71,TNG6J6R5G]
[10/09/19, 01:23:35:818] info: Store: SELECTION_CHANGED T79514R71
[10/09/19, 01:23:35:822] info: WebContents LifeCycle: webContents:1 from 'webapp-loaded' to 'webapp-loaded' took 56013 ms 
[10/09/19, 01:23:35:822] info: Store: UPSERT_WEB_CONTENTS 
{
  "id": 1,
  "state": "webapp-loaded",
  "teamId": "app"
}
[10/09/19, 01:23:35:924] info: Store: SET_WINDOW_FRAME 
{
  "id": 1,
  "frame": {
    "title": "[REDACTED]"
  },
  "fromEvent": true
}
[10/09/19, 01:23:35:953] info: Store: SET_WINDOW_FRAME 
{
  "id": 1,
  "frame": {
    "title": "[REDACTED]"
  },
  "fromEvent": true
}
[10/09/19, 01:23:36:145] info: Store: SELECTION_CHANGED TNG6J6R5G
[10/09/19, 01:23:36:241] info: Store: STORE_ENTERPRISE_ID_PAIR 
{
  "teamId": "app",
  "enterpriseId": null
}
[10/09/19, 01:23:36:858] info: Store: SET_WINDOW_FRAME 
{
  "id": 1,
  "frame": {
    "title": "[REDACTED]"
  },
  "fromEvent": true
}
[10/09/19, 01:23:36:866] info: Store: NEW_NOTIFICATION 
{
  "authorName": "[REDACTED]",
  "avatarImage": "[REDACTED]",
  "channel": "DP6LDNCMT",
  "channelName": "[REDACTED]",
  "content": "[REDACTED]",
  "id": "OM1nhAhr6BzgpzP",
  "launchUri": "slack://channel?id=DP6LDNCMT&message=1570609416.000100&team=TNG6J6R5G",
  "msg": "[REDACTED]",
  "silent": true,
  "subtitle": "[REDACTED]",
  "teamId": "TNG6J6R5G",
  "title": "[REDACTED]"
}
[10/09/19, 01:23:36:872] info: Creating new Electron notification. 
[10/09/19, 01:23:36:888] info: Store: REDUX_UPDATE_FROM_WEBAPP 
{
  "teams": {
    "TNG6J6R5G": {
      "unreads": {
        "hasUnreads": true,
        "showBullet": true,
        "unreadHighlights": 1,
        "unreads": 1
      }
    }
  }
}
[10/09/19, 01:23:48:005] info: Store: SET_WINDOW_FRAME 
{
  "id": 1,
  "frame": {
    "isMinimized": true
  },
  "fromEvent": true
}
[10/09/19, 01:23:48:009] info: Store: SET_WINDOW_FRAME 
{
  "id": 1,
  "frame": {
    "isFullScreen": false
  },
  "fromEvent": true
}
[10/09/19, 01:23:48:012] info: Store: SET_WINDOW_FRAME 
{
  "id": 1,
  "frame": {
    "isFocused": false
  },
  "fromEvent": true
}
[10/09/19, 01:24:45:624] info: Store: SET_SYSTEM_IDLE idle_taskbar
[10/09/19, 01:24:54:062] info: Store: SET_WINDOW_FRAME 
{
  "id": 1,
  "frame": {
    "isMinimized": false
  },
  "fromEvent": true
}
[10/09/19, 01:24:54:065] info: Store: SET_WINDOW_FRAME 
{
  "id": 1,
  "frame": {
    "isFullScreen": false
  },
  "fromEvent": true
}
[10/09/19, 01:24:54:073] info: Store: SET_WINDOW_FRAME 
{
  "id": 1,
  "frame": {
    "bounds": {
      "x": 2,
      "y": 55,
      "width": 1916,
      "height": 1023
    }
  },
  "fromEvent": true
}
[10/09/19, 01:24:54:077] info: Store: SET_WINDOW_FRAME 
{
  "id": 1,
  "frame": {
    "isFocused": true
  },
  "fromEvent": true
}
[10/09/19, 01:24:54:705] info: Store: SET_WINDOW_FRAME 
{
  "id": 1,
  "frame": {
    "isMinimized": true
  },
  "fromEvent": true
}
[10/09/19, 01:24:54:708] info: Store: SET_WINDOW_FRAME 
{
  "id": 1,
  "frame": {
    "isFullScreen": false
  },
  "fromEvent": true
}
[10/09/19, 01:24:54:712] info: Store: SET_WINDOW_FRAME 
{
  "id": 1,
  "frame": {
    "isFocused": false
  },
  "fromEvent": true
}
[10/09/19, 01:24:55:066] info: Store: UPDATE_SETTINGS 
{
  "mainWindowSettings": {
    "fullScreen": false,
    "maximized": false,
    "bounds": {
      "x": 2,
      "y": 55,
      "width": 1916,
      "height": 1023
    }
  }
}
[10/09/19, 01:25:03:669] info: Store: SET_WINDOW_FRAME 
{
  "id": 1,
  "frame": {
    "isMinimized": false
  },
  "fromEvent": true
}
[10/09/19, 01:25:03:684] info: Store: SET_WINDOW_FRAME 
{
  "id": 1,
  "frame": {
    "isFullScreen": false
  },
  "fromEvent": true
}
[10/09/19, 01:25:03:695] info: Store: SET_WINDOW_FRAME 
{
  "id": 1,
  "frame": {
    "bounds": {
      "x": 2,
      "y": 55,
      "width": 1916,
      "height": 1023
    }
  },
  "fromEvent": true
}
[10/09/19, 01:25:03:697] info: Store: SET_WINDOW_FRAME 
{
  "id": 1,
  "frame": {
    "isFocused": true
  },
  "fromEvent": true
}
[10/09/19, 01:25:04:492] info: Store: SET_WINDOW_FRAME 
{
  "id": 1,
  "frame": {
    "isFullScreen": false
  },
  "fromEvent": true
}
[10/09/19, 01:25:04:498] info: Store: SET_WINDOW_FRAME 
{
  "id": 1,
  "frame": {
    "isFocused": false
  },
  "fromEvent": true
}
[10/09/19, 01:25:04:676] info: Store: UPDATE_SETTINGS 
{
  "mainWindowSettings": {
    "fullScreen": false,
    "maximized": false,
    "bounds": {
      "x": 2,
      "y": 55,
      "width": 1916,
      "height": 1023
    }
  }
}
[10/09/19, 01:25:05:632] info: Store: SET_SYSTEM_IDLE active
[10/09/19, 01:28:04:196] info: Store: SET_WINDOW_FRAME 
{
  "id": 1,
  "frame": {
    "isFullScreen": false
  },
  "fromEvent": true
}
[10/09/19, 01:28:04:215] info: Store: SET_WINDOW_FRAME 
{
  "id": 1,
  "frame": {
    "isFocused": true
  },
  "fromEvent": true
}
[10/09/19, 01:28:06:434] info: Store: SET_WINDOW_FRAME 
{
  "id": 1,
  "frame": {
    "isFullScreen": false
  },
  "fromEvent": true
}
[10/09/19, 01:28:06:446] info: Store: SET_WINDOW_FRAME 
{
  "id": 1,
  "frame": {
    "isFocused": false
  },
  "fromEvent": true
}
[10/09/19, 01:28:19:984] info: Store: SET_WINDOW_FRAME 
{
  "id": 1,
  "frame": {
    "isFullScreen": false
  },
  "fromEvent": true
}
[10/09/19, 01:28:19:993] info: Store: SET_WINDOW_FRAME 
{
  "id": 1,
  "frame": {
    "isFocused": true
  },
  "fromEvent": true
}
[10/09/19, 01:28:42:069] info: Store: SET_WINDOW_FRAME 
{
  "id": 1,
  "frame": {
    "title": "[REDACTED]"
  },
  "fromEvent": true
}
[10/09/19, 01:28:42:559] info: Store: SET_WINDOW_FRAME 
{
  "id": 1,
  "frame": {
    "title": "[REDACTED]"
  },
  "fromEvent": true
}
[10/09/19, 01:28:42:592] info: Store: REDUX_UPDATE_FROM_WEBAPP 
{
  "teams": {
    "TNG6J6R5G": {
      "unreads": {
        "hasUnreads": false,
        "showBullet": true,
        "unreadHighlights": 0,
        "unreads": 0
      }
    }
  }
}
[10/09/19, 01:28:45:588] info: Store: SET_WINDOW_FRAME 
{
  "id": 1,
  "frame": {
    "title": "[REDACTED]"
  },
  "fromEvent": true
}
[10/09/19, 01:28:48:552] info: Store: SET_WINDOW_FRAME 
{
  "id": 1,
  "frame": {
    "title": "[REDACTED]"
  },
  "fromEvent": true
}
[10/09/19, 01:28:48:571] info: Store: SET_WINDOW_FRAME 
{
  "id": 1,
  "frame": {
    "title": "[REDACTED]"
  },
  "fromEvent": true
}
[10/09/19, 01:28:48:793] info: Store: SELECTION_CHANGED T79514R71
[10/09/19, 01:28:50:460] info: Store: SET_WINDOW_FRAME 
{
  "id": 1,
  "frame": {
    "title": "[REDACTED]"
  },
  "fromEvent": true
}
[10/09/19, 01:28:50:469] info: Store: SET_WINDOW_FRAME 
{
  "id": 1,
  "frame": {
    "title": "[REDACTED]"
  },
  "fromEvent": true
}
[10/09/19, 01:28:50:612] info: Store: SELECTION_CHANGED TNG6J6R5G
[10/09/19, 01:29:25:731] info: Store: SET_SYSTEM_IDLE idle_taskbar
[10/09/19, 01:34:05:833] info: Store: SET_SYSTEM_IDLE active
[10/09/19, 01:34:13:479] info: Store: SET_WINDOW_FRAME 
{
  "id": 1,
  "frame": {
    "title": "[REDACTED]"
  },
  "fromEvent": true
}
[10/09/19, 01:34:13:489] info: Store: SET_WINDOW_FRAME 
{
  "id": 1,
  "frame": {
    "title": "[REDACTED]"
  },
  "fromEvent": true
}
[10/09/19, 01:34:13:721] info: Store: SELECTION_CHANGED T79514R71
[10/09/19, 01:34:19:629] info: Store: SET_WINDOW_FRAME 
{
  "id": 1,
  "frame": {
    "title": "[REDACTED]"
  },
  "fromEvent": true
}
[10/09/19, 01:34:23:730] info: Store: SET_WINDOW_FRAME 
{
  "id": 1,
  "frame": {
    "title": "[REDACTED]"
  },
  "fromEvent": true
}
[10/09/19, 01:34:30:856] info: Store: SET_WINDOW_FRAME 
{
  "id": 1,
  "frame": {
    "title": "[REDACTED]"
  },
  "fromEvent": true
}
[10/09/19, 01:34:55:580] info: Store: SET_WINDOW_FRAME 
{
  "id": 1,
  "frame": {
    "title": "[REDACTED]"
  },
  "fromEvent": true
}
[10/09/19, 01:34:55:614] info: Store: SET_WINDOW_FRAME 
{
  "id": 1,
  "frame": {
    "title": "[REDACTED]"
  },
  "fromEvent": true
}
[10/09/19, 01:34:55:754] info: Store: SELECTION_CHANGED TNG6J6R5G
[10/09/19, 01:35:00:187] info: Store: SET_WINDOW_FRAME 
{
  "id": 1,
  "frame": {
    "isFullScreen": false
  },
  "fromEvent": true
}
[10/09/19, 01:35:00:189] info: Store: SET_WINDOW_FRAME 
{
  "id": 1,
  "frame": {
    "isFocused": false
  },
  "fromEvent": true
}
[10/09/19, 14:10:38:773] info: ╔══════════════════════════════════════════════════════════════════════════════════╗ 
[10/09/19, 14:10:39:155] info: ╔══════════════════════════════════════════════════════════════════════════════════╗ 
[10/09/19, 14:10:38:775] info: ║      Slack 4.0.2, linux 5.3.1-arch1-1-ARCH on x64 at 10/09/19, 14:10:38:770      ║ 
[10/09/19, 14:10:38:775] info: ╚══════════════════════════════════════════════════════════════════════════════════╝ 
[10/09/19, 14:10:38:777] info: Configured logger via 
{
  "logLevel": "info"
}
[10/09/19, 14:10:38:777] info: Predefined values for process 
{
  "platform": "linux",
  "NODE_ENV": "production",
  "type": "browser",
  "PACKAGE_MANIFEST.productName": "Slack",
  "PACKAGE_MANIFEST.version": "4.0.2",
  "PACKAGE_MANIFEST.versionName": "The Final Countdown",
  "PACKAGE_MANIFEST.commit": "8900f04",
  "PACKAGE_MANIFEST.branch": "HEAD"
}
[10/09/19, 14:10:39:042] info: Read UUID from file successful 
{
  "uuid": "65809a4c-3751-5704-8eef-eea735e82570"
}
[10/09/19, 14:10:39:082] error: Locale: Tried to access systemLocale before application was ready 
[10/09/19, 14:10:39:134] info: TraceRecorder: setting up trace recorder, trace will be stored under /home/sadschmi/.config/Slack/logs/recorded-trace
[10/09/19, 14:10:39:167] info: BrowserStore: Skip keychain access in Sonic 
[10/09/19, 14:10:39:226] info: Store: persist/REHYDRATE 
{
  "appTeams": {
    "selectedTeamId": null,
    "teamsByIndex": [],
    "teamsToSignOut": []
  },
  "dialog": "[REDACTED]",
  "downloads": "[REDACTED]",
  "enterprise": {
    "app": null
  },
  "settings": {
    "lastClogForProxyInfo": 1570609382742,
    "defaultSigninTeam": null,
    "hasRunApp": true,
    "hasRunFromTray": false,
    "isSignedIntoSlackOrg": false,
    "isUsingBrowserSignin": true,
    "reportIssueOnStartup": false,
    "suppressPermissionDialog": false,
    "whitelistedUrlSchemes": [
      "http:",
      "https:",
      "mailto:",
      "skype:",
      "spotify:",
      "live:",
      "callto:",
      "tel:",
      "im:",
      "sip:",
      "sips:",
      "slack:"
    ],
    "notificationAfterHoverTimeout": 2000,
    "notificationFailover": 0,
    "notificationFailoverEnabled": true,
    "notificationMaxItems": 3,
    "notificationMethod": null,
    "notificationPlayback": null,
    "notificationPresentationCheck": null,
    "notificationStyle": "2018",
    "notificationTimeout": 6000,
    "notificationZoomLevel": null,
    "notifyPosition": {
      "corner": "bottom_right",
      "display": "same_as_app"
    },
    "isOpenExternalShellForced": true,
    "isTitleBarForcedByUser": false,
    "sandboxSigninWindow": false,
    "workspaceIdleTimeout": 43200000,
    "spellcheckerLanguage": null,
    "spellCheckerVersion": "V1",
    "autoHideMenuBar": false,
    "launchOnStartup": false,
    "locale": "en-US",
    "PrefSSBFileDownloadPath": "/home/sadschmi/Downloads",
    "runFromTray": true,
    "startNetLogAtLaunch": false,
    "useHwAcceleration": true,
    "zoomLevel": 0,
    "releaseChannelOverride": null,
    "hideOnStartup": true,
    "mainWindowSettings": {
      "fullScreen": false,
      "maximized": false,
      "bounds": {
        "x": 2,
        "y": 55,
        "width": 1916,
        "height": 1023
      }
    },
    "userTheme": "light",
    "systemThemeSyncEnabled": false
  },
  "teams": "[REDACTED]",
  "webapp": {
    "teams": {
      "T00000000": {
        "theme": {
          "titlebarBackground": "#1F0020",
          "titlebarTextColor": "#FFFFFF"
        },
        "featureFlags": {},
        "bootConfig": {
          "isSonicEnabled": false,
          "isSonicDisabled": false
        },
        "unreads": {
          "unreads": 0,
          "unreadHighlights": 0,
          "showBullet": false
        }
      },
      "T79514R71": {
        "theme": {
          "titlebarBackground": "#1F0020",
          "titlebarTextColor": "#FFFFFF"
        },
        "featureFlags": {},
        "bootConfig": {
          "isSonicEnabled": false,
          "isSonicDisabled": false
        },
        "unreads": {
          "unreads": 0,
          "unreadHighlights": 0,
          "showBullet": false
        }
      },
      "TNG6J6R5G": {
        "theme": {
          "titlebarBackground": "#1F0020",
          "titlebarTextColor": "#FFFFFF"
        },
        "featureFlags": {},
        "bootConfig": {
          "isSonicEnabled": false,
          "isSonicDisabled": false
        },
        "unreads": {
          "unreads": 0,
          "unreadHighlights": 0,
          "showBullet": false
        }
      }
    }
  },
  "workspaces": "[REDACTED]",
  "workspacesMeta": {
    "selectedWorkspaceId": "TNG6J6R5G"
  }
}
[10/09/19, 14:10:39:240] info: UpdaterEpics: Updates disabled because 
{
  "issues": [
    "using Linux"
  ]
}
[10/09/19, 14:10:39:243] info: Store: INITIALIZE 
{
  "resourcePath": "/usr/lib/slack/resources/app.asar",
  "protoUrl": "slack://T79514R71/magic-login/777142372962-6e6b1e1e1ae5001108f66d75f1f27a08cfe8cebc0f7b89ca88460b91f5504530",
  "magicLogin": {
    "teamId": "T79514R71",
    "token": "777142372962-6e6b1e1e1ae5001108f66d75f1f27a08cfe8cebc0f7b89ca88460b91f5504530"
  }
}
[10/09/19, 14:10:39:539] warn: Failed to install protocol handler for slack:// links 
[10/09/19, 14:10:39:635] info: Store: CREATE_WINDOW 
{
  "type": "main"
}
[10/09/19, 14:10:39:648] info: Store: HANDLE_DEEP_LINK 
{
  "url": "slack://T79514R71/magic-login/777142372962-6e6b1e1e1ae5001108f66d75f1f27a08cfe8cebc0f7b89ca88460b91f5504530",
  "causedLaunch": true
}
[10/09/19, 14:10:39:665] info: App: Welcome to Slack 0.0.0 x64 
[10/09/19, 14:10:39:665] info: App load time: 1,379624451 
[10/09/19, 14:10:39:694] info: WebContentsMediator: Attaching to new webContents 
[10/09/19, 14:10:39:716] info: MagicLogin: Making magic login API request to https://slack.com/api/ 
[10/09/19, 14:10:39:805] warn: Couldn't get Linux distro info from lsb_release, trying fallback to get Linux distro info 
{
  "error": {
    "stack": "Error: Command failed: lsb_release -a --short\n/bin/sh: lsb_release: command not found\n\n    at ChildProcess.exithandler (child_process.js:299:12)\n    at ChildProcess.emit (events.js:182:13)\n    at ChildProcess.EventEmitter.emit (domain.js:442:20)\n    at maybeClose (internal/child_process.js:962:16)\n    at Socket.stream.socket.on (internal/child_process.js:381:11)\n    at Socket.emit (events.js:182:13)\n    at Socket.EventEmitter.emit (domain.js:442:20)\n    at Pipe._handle.close (net.js:606:12)",
    "message": "Command failed: lsb_release -a --short\n/bin/sh: lsb_release: command not found\n",
    "killed": false,
    "code": 127,
    "signal": null,
    "cmd": "lsb_release -a --short",
    "stdout": "",
    "stderr": "/bin/sh: lsb_release: command not found\n"
  },
  "stackFrameString": "[{\"columnNumber\":12,\"lineNumber\":299,\"fileName\":\"child_process.js\",\"functionName\":\"ChildProcess.exithandler\",\"source\":\"    at ChildProcess.exithandler (child_process.js:299:12)\"},{\"columnNumber\":13,\"lineNumber\":182,\"fileName\":\"events.js\",\"functionName\":\"ChildProcess.emit\",\"source\":\"    at ChildProcess.emit (events.js:182:13)\"},{\"columnNumber\":20,\"lineNumber\":442,\"fileName\":\"domain.js\",\"functionName\":\"ChildProcess.EventEmitter.emit\",\"source\":\"    at ChildProcess.EventEmitter.emit (domain.js:442:20)\"},{\"columnNumber\":16,\"lineNumber\":962,\"fileName\":\"internal/child_process.js\",\"functionName\":\"maybeClose\",\"source\":\"    at maybeClose (internal/child_process.js:962:16)\"},{\"columnNumber\":11,\"lineNumber\":381,\"fileName\":\"internal/child_process.js\",\"functionName\":\"Socket.stream.socket.on\",\"source\":\"    at Socket.stream.socket.on (internal/child_process.js:381:11)\"},{\"columnNumber\":13,\"lineNumber\":182,\"fileName\":\"events.js\",\"functionName\":\"Socket.emit\",\"source\":\"    at Socket.emit (events.js:182:13)\"},{\"columnNumber\":20,\"lineNumber\":442,\"fileName\":\"domain.js\",\"functionName\":\"Socket.EventEmitter.emit\",\"source\":\"    at Socket.EventEmitter.emit (domain.js:442:20)\"},{\"columnNumber\":12,\"lineNumber\":606,\"fileName\":\"net.js\",\"functionName\":\"Pipe._handle.close\",\"source\":\"    at Pipe._handle.close (net.js:606:12)\"}]"
}
[10/09/19, 14:10:39:155] info: ║      Slack 4.0.2, linux 5.3.1-arch1-1-ARCH on x64 at 10/09/19, 14:10:39:155      ║ 
[10/09/19, 14:10:39:155] info: ╚══════════════════════════════════════════════════════════════════════════════════╝ 
[10/09/19, 14:10:39:156] info: Configured logger via 
{
  "logLevel": "info"
}
[10/09/19, 14:10:39:156] info: Predefined values for process 
{
  "platform": "linux",
  "NODE_ENV": "production",
  "type": "browser",
  "PACKAGE_MANIFEST.productName": "Slack",
  "PACKAGE_MANIFEST.version": "4.0.2",
  "PACKAGE_MANIFEST.versionName": "The Final Countdown",
  "PACKAGE_MANIFEST.commit": "8900f04",
  "PACKAGE_MANIFEST.branch": "HEAD"
}
[10/09/19, 14:10:39:874] info: Store: READY 
{
  "resourcePath": "/usr/lib/slack/resources/app.asar",
  "protoUrl": "slack://T79514R71/magic-login/777142372962-6e6b1e1e1ae5001108f66d75f1f27a08cfe8cebc0f7b89ca88460b91f5504530",
  "magicLogin": {
    "teamId": "T79514R71",
    "token": "777142372962-6e6b1e1e1ae5001108f66d75f1f27a08cfe8cebc0f7b89ca88460b91f5504530"
  },
  "appVersion": "4.0.2",
  "isGpuCompositionAvailable": true,
  "isTitleBarHidden": false,
  "isSonic": true,
  "platformVersion": {
    "major": 5,
    "minor": 3,
    "build": 1
  },
  "releaseChannel": "prod",
  "sessionId": "NjU4MDlhNGMtMzc1MS01NzA0LThlZWYtZWVhNzM1ZTgyNTcwXzE1NzA2NTU0MzkwNDI=",
  "versionName": "The Final Countdown",
  "linux": {
    "os": "Arch Linux",
    "name": "Arch Linux ",
    "release": "",
    "codename": ""
  }
}
[10/09/19, 14:10:39:888] info: Store: UPDATE_SETTINGS 
{
  "isSignedIntoSlackOrg": false
}
[10/09/19, 14:10:39:898] info: AutoLoginEpic: Checking for autologin. 
[10/09/19, 14:10:39:905] info: Client Boot Config
	localSettings: always
	version: 4.0.2
	productName: Slack
	commandLine:  
[10/09/19, 14:10:39:949] info: Store: TOKEN_FILE_PROCESSED 
[10/09/19, 14:10:39:951] info: AutoLoginEpic: Processing token file for autologin. 
[10/09/19, 14:10:39:952] info: Store: AUTOLOGIN_TEAMS_COMPLETE 
[10/09/19, 14:10:39:954] info: AutoLoginEpic: Setting default sign-in team to null 
[10/09/19, 14:10:39:954] info: Store: UPDATE_SETTINGS 
{
  "defaultSigninTeam": null
}
[10/09/19, 14:10:39:965] info: WebContentsMediator: Attaching to new webContents 
[10/09/19, 14:10:39:968] info: Store: UPSERT_WEB_CONTENTS 
{
  "id": 2,
  "teamId": "app",
  "state": "unloaded"
}
[10/09/19, 14:10:39:988] info: MainWindowEpics: Setting main window ID 
{
  "id": 2
}
[10/09/19, 14:10:39:995] info: Store: WINDOW_CREATED 
{
  "frame": {
    "isFullScreen": false,
    "isMinimized": false,
    "isMaximized": false,
    "isVisible": false,
    "isFocused": false,
    "bounds": {
      "x": 2,
      "y": 55,
      "width": 1916,
      "height": 1023
    }
  },
  "type": "main",
  "id": 2
}
[10/09/19, 14:10:40:066] warn: Couldn't get Linux distro info from lsb_release, trying fallback to get Linux distro info 
{
  "error": {
    "stack": "Error: Command failed: lsb_release -a --short\n/bin/sh: lsb_release: command not found\n\n    at ChildProcess.exithandler (child_process.js:299:12)\n    at ChildProcess.emit (events.js:182:13)\n    at ChildProcess.EventEmitter.emit (domain.js:442:20)\n    at maybeClose (internal/child_process.js:962:16)\n    at Socket.stream.socket.on (internal/child_process.js:381:11)\n    at Socket.emit (events.js:182:13)\n    at Socket.EventEmitter.emit (domain.js:442:20)\n    at Pipe._handle.close (net.js:606:12)",
    "message": "Command failed: lsb_release -a --short\n/bin/sh: lsb_release: command not found\n",
    "killed": false,
    "code": 127,
    "signal": null,
    "cmd": "lsb_release -a --short",
    "stdout": "",
    "stderr": "/bin/sh: lsb_release: command not found\n"
  },
  "stackFrameString": "[{\"columnNumber\":12,\"lineNumber\":299,\"fileName\":\"child_process.js\",\"functionName\":\"ChildProcess.exithandler\",\"source\":\"    at ChildProcess.exithandler (child_process.js:299:12)\"},{\"columnNumber\":13,\"lineNumber\":182,\"fileName\":\"events.js\",\"functionName\":\"ChildProcess.emit\",\"source\":\"    at ChildProcess.emit (events.js:182:13)\"},{\"columnNumber\":20,\"lineNumber\":442,\"fileName\":\"domain.js\",\"functionName\":\"ChildProcess.EventEmitter.emit\",\"source\":\"    at ChildProcess.EventEmitter.emit (domain.js:442:20)\"},{\"columnNumber\":16,\"lineNumber\":962,\"fileName\":\"internal/child_process.js\",\"functionName\":\"maybeClose\",\"source\":\"    at maybeClose (internal/child_process.js:962:16)\"},{\"columnNumber\":11,\"lineNumber\":381,\"fileName\":\"internal/child_process.js\",\"functionName\":\"Socket.stream.socket.on\",\"source\":\"    at Socket.stream.socket.on (internal/child_process.js:381:11)\"},{\"columnNumber\":13,\"lineNumber\":182,\"fileName\":\"events.js\",\"functionName\":\"Socket.emit\",\"source\":\"    at Socket.emit (events.js:182:13)\"},{\"columnNumber\":20,\"lineNumber\":442,\"fileName\":\"domain.js\",\"functionName\":\"Socket.EventEmitter.emit\",\"source\":\"    at Socket.EventEmitter.emit (domain.js:442:20)\"},{\"columnNumber\":12,\"lineNumber\":606,\"fileName\":\"net.js\",\"functionName\":\"Pipe._handle.close\",\"source\":\"    at Pipe._handle.close (net.js:606:12)\"}]"
}
[10/09/19, 14:10:40:493] info: MagicLogin: added team T79514R71 
[10/09/19, 14:10:40:493] info: Application: handleDeepLink for magic login complete 
[10/09/19, 14:10:41:460] info: Team boot count 
{
  "count": 1
}
[10/09/19, 14:10:41:660] info: Store: SET_WINDOW_FRAME 
{
  "id": 2,
  "frame": {
    "title": "[REDACTED]"
  },
  "fromEvent": true
}
[10/09/19, 14:10:41:689] info: WebContents LifeCycle: webContents:2 from 'unloaded' to 'loaded' took 1716 ms 
[10/09/19, 14:10:41:690] info: Store: UPSERT_WEB_CONTENTS 
{
  "id": 2,
  "state": "loaded",
  "teamId": "app"
}
[10/09/19, 14:10:41:699] info: initializeMainWindowEpic: Showing main window 
{
  "maximized": false,
  "shouldHide": false,
  "fullScreen": false
}
[10/09/19, 14:10:41:730] info: Store: SET_WINDOW_FRAME 
{
  "id": 2,
  "frame": {
    "isVisible": true
  },
  "fromEvent": true
}
[10/09/19, 14:10:41:741] info: Store: MAIN_WINDOW_SHOWN 
[10/09/19, 14:10:41:744] info: Store: UPDATE_SETTINGS 
{
  "mainWindowSettings": {
    "fullScreen": false,
    "maximized": false,
    "bounds": {
      "x": 2,
      "y": 55,
      "width": 1916,
      "height": 1023
    }
  }
}
[10/09/19, 14:10:41:748] info: UpdaterEpics: Updates disabled because 
{
  "issues": [
    "using Linux"
  ]
}
[10/09/19, 14:10:41:761] info: Store: SET_WINDOW_FRAME 
{
  "id": 2,
  "frame": {
    "isFullScreen": false
  },
  "fromEvent": true
}
[10/09/19, 14:10:41:785] info: Store: SET_WINDOW_FRAME 
{
  "id": 2,
  "frame": {
    "isFocused": true
  },
  "fromEvent": true
}
[10/09/19, 14:10:41:844] info: Store: SET_WINDOW_FRAME 
{
  "id": 2,
  "frame": {
    "isFullScreen": false
  },
  "fromEvent": true
}
[10/09/19, 14:10:41:860] info: Store: SET_WINDOW_FRAME 
{
  "id": 2,
  "frame": {
    "isFocused": false
  },
  "fromEvent": true
}
[10/09/19, 14:10:41:869] info: Store: SET_WINDOW_FRAME 
{
  "id": 2,
  "frame": {
    "isFullScreen": false
  },
  "fromEvent": true
}
[10/09/19, 14:10:41:897] info: Store: SET_WINDOW_FRAME 
{
  "id": 2,
  "frame": {
    "isFocused": true
  },
  "fromEvent": true
}
[10/09/19, 14:10:42:209] info: Store: SET_NETWORK_STATUS online
[10/09/19, 14:10:42:385] info: Store: SET_WINDOW_FRAME 
{
  "id": 2,
  "frame": {
    "isFullScreen": false
  },
  "fromEvent": true
}
[10/09/19, 14:10:42:390] info: Store: SET_WINDOW_FRAME 
{
  "id": 2,
  "frame": {
    "isFocused": false
  },
  "fromEvent": true
}
[10/09/19, 14:10:42:781] info: Store: SET_WINDOW_FRAME 
{
  "id": 2,
  "frame": {
    "bounds": {
      "x": 1287,
      "y": 75,
      "width": 611,
      "height": 983
    },
    "isMaximized": false
  },
  "fromEvent": true
}
[10/09/19, 14:10:42:783] info: Store: SET_WINDOW_FRAME 
{
  "id": 2,
  "frame": {
    "bounds": {
      "x": 1287,
      "y": 75,
      "width": 611,
      "height": 983
    },
    "isMaximized": false
  },
  "fromEvent": true
}
[10/09/19, 14:10:42:838] info: Store: UPDATE_SETTINGS 
{
  "mainWindowSettings": {
    "fullScreen": false,
    "maximized": false,
    "bounds": {
      "x": 1287,
      "y": 75,
      "width": 611,
      "height": 983
    }
  }
}
[10/09/19, 14:10:43:136] info: Store: SET_WINDOW_FRAME 
{
  "id": 2,
  "frame": {
    "isFullScreen": false
  },
  "fromEvent": true
}
[10/09/19, 14:10:43:139] info: Store: SET_WINDOW_FRAME 
{
  "id": 2,
  "frame": {
    "isFocused": true
  },
  "fromEvent": true
}
[10/09/19, 14:10:43:635] info: Attempted to close the window, hiding due to run from tray 
[10/09/19, 14:10:43:636] info: Store: SET_WINDOW_FRAME 
{
  "id": 2,
  "frame": {
    "isVisible": false
  },
  "fromEvent": true
}
[10/09/19, 14:10:43:638] info: Store: UPDATE_SETTINGS 
{
  "hasRunFromTray": true
}
[10/09/19, 14:10:43:639] info: Store: SHOW_TRAY_BALLOON 
{
  "title": "Why didn’t Slack quit?",
  "content": "Slack’s set to stay running in the notification area. To change this, visit Preferences > Advanced."
}
[10/09/19, 14:10:43:640] info: Tray Handler: Showing a tray balloon with title: Why didn’t Slack quit? 
[10/09/19, 14:10:43:659] info: Store: SET_WINDOW_FRAME 
{
  "id": 2,
  "frame": {
    "isFullScreen": false
  },
  "fromEvent": true
}
[10/09/19, 14:10:44:161] info: Store: UPDATE_SETTINGS 
{
  "userTheme": "light"
}
[10/09/19, 14:10:44:162] info: Store: UPDATE_SETTINGS 
{
  "systemThemeSyncEnabled": false
}
[10/09/19, 14:10:45:178] info: Store: SYNC Bad or empty workspaces payload
[10/09/19, 14:10:45:186] info: Store: SELECTION_CHANGED TNG6J6R5G
[10/09/19, 14:10:45:298] info: Store: REDUX_UPDATE_FROM_WEBAPP 
{
  "teams": {
    "TNG6J6R5G": {
      "bootConfig": {
        "isSonicDisabled": false,
        "isSonicEnabled": false
      },
      "featureFlags": {},
      "locale": "en-US",
      "theme": {
        "titlebarBackground": "#1F0020",
        "titlebarTextColor": "#FFFFFF"
      },
      "unreads": {
        "hasUnreads": false,
        "unreadHighlights": 0,
        "unreads": 0
      }
    }
  }
}
[10/09/19, 14:10:45:302] info: Store: REDUX_UPDATE_FROM_WEBAPP 
{
  "teams": {
    "TNG6J6R5G": {
      "bootConfig": {
        "isSonicDisabled": false,
        "isSonicEnabled": true
      },
      "theme": {
        "titlebarBackground": "#1F0020",
        "titlebarTextColor": "#FFFFFF"
      }
    }
  }
}
[10/09/19, 14:10:45:324] info: Store: REDUX_UPDATE_FROM_WEBAPP 
{
  "teams": {
    "TNG6J6R5G": {
      "theme": {
        "titlebarBackground": "#1F0020",
        "titlebarTextColor": "#FFFFFF"
      },
      "unreads": {
        "hasUnreads": false,
        "showBullet": true,
        "unreadHighlights": 0,
        "unreads": 0
      }
    }
  }
}
[10/09/19, 14:10:45:413] info: Store: SYNC Synced 1 workspaces with IDs [TNG6J6R5G]
[10/09/19, 14:10:45:433] info: Store: SELECTION_CHANGED TNG6J6R5G
[10/09/19, 14:10:45:675] info: Store: SET_WINDOW_FRAME 
{
  "id": 2,
  "frame": {
    "title": "[REDACTED]"
  },
  "fromEvent": true
}
[10/09/19, 14:10:47:022] info: Store: REDUX_UPDATE_FROM_WEBAPP 
{
  "teams": {
    "T79514R71": {
      "bootConfig": {
        "isSonicDisabled": false,
        "isSonicEnabled": true
      },
      "featureFlags": {},
      "locale": "en-US",
      "theme": {
        "titlebarBackground": "#1F0020",
        "titlebarTextColor": "#FFFFFF"
      },
      "unreads": {
        "hasUnreads": false,
        "showBullet": true,
        "unreadHighlights": 0,
        "unreads": 0
      }
    }
  }
}
[10/09/19, 14:10:47:036] info: Store: SYNC Synced 2 workspaces with IDs [TNG6J6R5G,T79514R71]
[10/09/19, 14:10:47:056] info: Store: SELECTION_CHANGED TNG6J6R5G
[10/09/19, 14:10:47:058] info: WebContents LifeCycle: webContents:2 from 'loaded' to 'webapp-loaded' took 5369 ms 
[10/09/19, 14:10:47:059] info: Store: UPSERT_WEB_CONTENTS 
{
  "id": 2,
  "state": "webapp-loaded",
  "teamId": "app"
}
[10/09/19, 14:10:47:060] info: EnterpriseStorageManager: Sending initial pull message 
{
  "teamId": "app"
}
[10/09/19, 14:10:47:098] info: Store: STORE_ENTERPRISE_ID_PAIR 
{
  "teamId": "app",
  "enterpriseId": null
}
[10/09/19, 14:10:48:955] info: Store: REDUX_UPDATE_FROM_WEBAPP 
{
  "teams": {
    "T79514R71": {
      "unreads": {
        "hasUnreads": true,
        "showBullet": true,
        "unreadHighlights": 0,
        "unreads": 1
      }
    }
  }
}
[10/09/19, 14:17:41:921] info: Store: SET_SYSTEM_IDLE idle_taskbar
[10/09/19, 14:18:21:929] info: Store: SET_SYSTEM_IDLE active
[10/09/19, 14:19:01:942] info: Store: SET_SYSTEM_IDLE idle_taskbar
[10/09/19, 14:19:21:947] info: Store: SET_SYSTEM_IDLE active
[10/09/19, 14:22:01:998] info: Store: SET_SYSTEM_IDLE idle_taskbar
[10/09/19, 14:22:42:007] info: Store: SET_SYSTEM_IDLE active
[10/09/19, 14:26:22:139] info: Store: SET_SYSTEM_IDLE idle_taskbar
[10/09/19, 14:29:02:176] info: Store: SET_SYSTEM_IDLE active
[10/09/19, 14:31:02:203] info: Store: SET_SYSTEM_IDLE idle_taskbar
[10/09/19, 14:31:22:208] info: Store: SET_SYSTEM_IDLE active
[10/09/19, 14:34:42:254] info: Store: SET_SYSTEM_IDLE idle_taskbar
[10/09/19, 14:35:02:260] info: Store: SET_SYSTEM_IDLE active
[10/09/19, 14:37:42:290] info: Store: SET_SYSTEM_IDLE idle_taskbar
[10/09/19, 14:38:22:297] info: Store: SET_SYSTEM_IDLE active
[10/09/19, 15:00:02:721] info: Store: SET_SYSTEM_IDLE idle_taskbar
[10/09/19, 15:00:22:724] info: Store: SET_SYSTEM_IDLE active
[10/09/19, 15:01:02:734] info: Store: SET_SYSTEM_IDLE idle_taskbar
[10/09/19, 15:01:22:739] info: Store: SET_SYSTEM_IDLE active
[10/09/19, 15:02:02:773] info: Store: SET_SYSTEM_IDLE idle_taskbar
[10/09/19, 15:04:42:831] info: Store: SET_SYSTEM_IDLE active
[10/09/19, 15:06:42:853] info: Store: SET_SYSTEM_IDLE idle_taskbar
[10/09/19, 15:07:22:862] info: Store: SET_SYSTEM_IDLE active
[10/09/19, 15:10:22:927] info: Store: SET_SYSTEM_IDLE idle_taskbar
[10/09/19, 15:10:42:931] info: Store: SET_SYSTEM_IDLE active
[10/09/19, 15:11:02:934] info: Store: SET_SYSTEM_IDLE idle_taskbar
[10/09/19, 15:11:22:940] info: Store: SET_SYSTEM_IDLE active
[10/09/19, 15:14:22:983] info: Store: SET_SYSTEM_IDLE idle_taskbar
[10/09/19, 15:15:02:994] info: Store: SET_SYSTEM_IDLE active
[10/09/19, 15:15:43:001] info: Store: SET_SYSTEM_IDLE idle_taskbar
[10/09/19, 15:16:23:025] info: Store: SET_SYSTEM_IDLE active
[10/09/19, 15:17:03:041] info: Store: SET_SYSTEM_IDLE idle_taskbar
[10/09/19, 15:17:43:047] info: Store: SET_SYSTEM_IDLE active
[10/09/19, 15:27:03:158] info: Store: SET_SYSTEM_IDLE idle_taskbar
[10/09/19, 15:32:03:209] info: Store: SET_SYSTEM_IDLE active
[10/09/19, 15:32:23:212] info: Store: SET_SYSTEM_IDLE idle_taskbar
[10/09/19, 15:32:43:218] info: Store: SET_SYSTEM_IDLE active
[10/09/19, 15:33:43:230] info: Store: SET_SYSTEM_IDLE idle_taskbar
[10/09/19, 15:36:23:293] info: Store: SET_SYSTEM_IDLE active
[10/09/19, 15:48:23:421] info: Store: SET_SYSTEM_IDLE idle_taskbar
[10/09/19, 15:48:43:429] info: Store: SET_SYSTEM_IDLE active
[10/09/19, 15:59:03:539] info: Store: SET_SYSTEM_IDLE idle_taskbar
[10/09/19, 15:59:23:543] info: Store: SET_SYSTEM_IDLE active
[10/09/19, 15:59:43:547] info: Store: SET_SYSTEM_IDLE idle_taskbar
[10/09/19, 16:00:03:550] info: Store: SET_SYSTEM_IDLE active
[10/09/19, 16:02:23:586] info: Store: SET_SYSTEM_IDLE idle_taskbar
[10/09/19, 16:02:43:591] info: Store: SET_SYSTEM_IDLE active
[10/09/19, 16:03:23:597] info: Store: SET_SYSTEM_IDLE idle_taskbar
[10/09/19, 16:03:43:619] info: Store: SET_SYSTEM_IDLE active
[10/09/19, 16:04:03:622] info: Store: SET_SYSTEM_IDLE idle_taskbar
[10/09/19, 16:04:23:624] info: Store: SET_SYSTEM_IDLE active
[10/09/19, 16:07:03:643] info: Store: SET_SYSTEM_IDLE idle_taskbar
[10/09/19, 16:08:23:655] info: Store: SET_SYSTEM_IDLE active
[10/09/19, 16:14:43:730] info: Store: SET_SYSTEM_IDLE idle_taskbar
[10/09/19, 16:15:03:747] info: Store: SET_SYSTEM_IDLE active
[10/09/19, 16:18:03:795] info: Store: SET_SYSTEM_IDLE idle_taskbar
[10/09/19, 16:20:03:868] info: Store: SET_SYSTEM_IDLE active
[10/09/19, 16:28:04:151] info: Store: SET_SYSTEM_IDLE idle_taskbar
[10/09/19, 16:28:24:157] info: Store: SET_SYSTEM_IDLE active
[10/09/19, 16:32:24:288] info: Store: SET_SYSTEM_IDLE idle_taskbar
[10/09/19, 16:33:04:308] info: Store: SET_SYSTEM_IDLE active
[10/09/19, 16:43:24:651] info: Store: SET_SYSTEM_IDLE idle_taskbar
[10/09/19, 16:44:04:680] info: Store: SET_SYSTEM_IDLE active
[10/09/19, 16:53:04:963] info: Store: SET_SYSTEM_IDLE idle_taskbar
[10/09/19, 16:53:24:970] info: Store: SET_SYSTEM_IDLE active
[10/09/19, 17:52:06:920] info: Store: SET_SYSTEM_IDLE idle_taskbar
[10/09/19, 17:52:26:936] info: Store: SET_SYSTEM_IDLE active
